# JRE version: Java(TM) SE Runtime Environment (8.0-b132) (build 1.8.0-b132)
# Java VM: Java HotSpot(TM) 64-Bit Server VM (25.0-b70 mixed mode windows-amd64 compressed oops)
Heap:
 PSYoungGen      total 104448K, used 40092K [0x00000000e0d80000, 0x00000000e9680000, 0x0000000100000000)
  eden space 96768K, 38% used [0x00000000e0d80000,0x00000000e31f7060,0x00000000e6c00000)
  from space 7680K, 35% used [0x00000000e6c00000,0x00000000e6eb0000,0x00000000e7380000)
  to   space 7168K, 0% used [0x00000000e8f80000,0x00000000e8f80000,0x00000000e9680000)
 ParOldGen       total 94720K, used 17652K [0x00000000a2800000, 0x00000000a8480000, 0x00000000e0d80000)
  object space 94720K, 18% used [0x00000000a2800000,0x00000000a393d378,0x00000000a8480000)
 Metaspace       used 13106K, capacity 13308K, committed 13568K, reserved 1060864K
  class space    used 1448K, capacity 1490K, committed 1536K, reserved 1048576K
GC Heap History (10 events):
Event: 5.887 GC heap before
{Heap before GC invocations=21 (full 0):
 PSYoungGen      total 55296K, used 52238K [0x00000000e0d80000, 0x00000000e4980000, 0x0000000100000000)
  eden space 49152K, 100% used [0x00000000e0d80000,0x00000000e3d80000,0x00000000e3d80000)
  from space 6144K, 50% used [0x00000000e4380000,0x00000000e46839a0,0x00000000e4980000)
  to   space 6144K, 0% used [0x00000000e3d80000,0x00000000e3d80000,0x00000000e4380000)
 ParOldGen       total 94720K, used 11867K [0x00000000a2800000, 0x00000000a8480000, 0x00000000e0d80000)
  object space 94720K, 12% used [0x00000000a2800000,0x00000000a3396ee0,0x00000000a8480000)
 Metaspace       used 13076K, capacity 13244K, committed 13568K, reserved 1060864K
  class space    used 1445K, capacity 1490K, committed 1536K, reserved 1048576K
Event: 5.896 GC heap after
Heap after GC invocations=21 (full 0):
 PSYoungGen      total 55296K, used 1504K [0x00000000e0d80000, 0x00000000e5d00000, 0x0000000100000000)
  eden space 49152K, 0% used [0x00000000e0d80000,0x00000000e0d80000,0x00000000e3d80000)
  from space 6144K, 24% used [0x00000000e3d80000,0x00000000e3ef8010,0x00000000e4380000)
  to   space 6144K, 0% used [0x00000000e5700000,0x00000000e5700000,0x00000000e5d00000)
 ParOldGen       total 94720K, used 12462K [0x00000000a2800000, 0x00000000a8480000, 0x00000000e0d80000)
  object space 94720K, 13% used [0x00000000a2800000,0x00000000a342ba38,0x00000000a8480000)
 Metaspace       used 13076K, capacity 13244K, committed 13568K, reserved 1060864K
  class space    used 1445K, capacity 1490K, committed 1536K, reserved 1048576K
}
Event: 6.225 GC heap before
{Heap before GC invocations=22 (full 0):
 PSYoungGen      total 55296K, used 50656K [0x00000000e0d80000, 0x00000000e5d00000, 0x0000000100000000)
  eden space 49152K, 100% used [0x00000000e0d80000,0x00000000e3d80000,0x00000000e3d80000)
  from space 6144K, 24% used [0x00000000e3d80000,0x00000000e3ef8010,0x00000000e4380000)
  to   space 6144K, 0% used [0x00000000e5700000,0x00000000e5700000,0x00000000e5d00000)
 ParOldGen       total 94720K, used 12462K [0x00000000a2800000, 0x00000000a8480000, 0x00000000e0d80000)
  object space 94720K, 13% used [0x00000000a2800000,0x00000000a342ba38,0x00000000a8480000)
 Metaspace       used 13078K, capacity 13244K, committed 13568K, reserved 1060864K
  class space    used 1445K, capacity 1490K, committed 1536K, reserved 1048576K
Event: 6.230 GC heap after
Heap after GC invocations=22 (full 0):
 PSYoungGen      total 75264K, used 1312K [0x00000000e0d80000, 0x00000000e5d00000, 0x0000000100000000)
  eden space 69120K, 0% used [0x00000000e0d80000,0x00000000e0d80000,0x00000000e5100000)
  from space 6144K, 21% used [0x00000000e5700000,0x00000000e5848000,0x00000000e5d00000)
  to   space 6144K, 0% used [0x00000000e5100000,0x00000000e5100000,0x00000000e5700000)
 ParOldGen       total 94720K, used 13422K [0x00000000a2800000, 0x00000000a8480000, 0x00000000e0d80000)
  object space 94720K, 14% used [0x00000000a2800000,0x00000000a351ba48,0x00000000a8480000)
 Metaspace       used 13078K, capacity 13244K, committed 13568K, reserved 1060864K
  class space    used 1445K, capacity 1490K, committed 1536K, reserved 1048576K
}
Event: 7.320 GC heap before
{Heap before GC invocations=23 (full 0):
 PSYoungGen      total 75264K, used 70432K [0x00000000e0d80000, 0x00000000e5d00000, 0x0000000100000000)
  eden space 69120K, 100% used [0x00000000e0d80000,0x00000000e5100000,0x00000000e5100000)
  from space 6144K, 21% used [0x00000000e5700000,0x00000000e5848000,0x00000000e5d00000)
  to   space 6144K, 0% used [0x00000000e5100000,0x00000000e5100000,0x00000000e5700000)
 ParOldGen       total 94720K, used 13422K [0x00000000a2800000, 0x00000000a8480000, 0x00000000e0d80000)
  object space 94720K, 14% used [0x00000000a2800000,0x00000000a351ba48,0x00000000a8480000)
 Metaspace       used 13079K, capacity 13244K, committed 13568K, reserved 1060864K
  class space    used 1445K, capacity 1490K, committed 1536K, reserved 1048576K
Event: 7.332 GC heap after
Heap after GC invocations=23 (full 0):
 PSYoungGen      total 75264K, used 6141K [0x00000000e0d80000, 0x00000000e7b00000, 0x0000000100000000)
  eden space 69120K, 0% used [0x00000000e0d80000,0x00000000e0d80000,0x00000000e5100000)
  from space 6144K, 99% used [0x00000000e5100000,0x00000000e56ff4c8,0x00000000e5700000)
  to   space 7680K, 0% used [0x00000000e7380000,0x00000000e7380000,0x00000000e7b00000)
 ParOldGen       total 94720K, used 15644K [0x00000000a2800000, 0x00000000a8480000, 0x00000000e0d80000)
  object space 94720K, 16% used [0x00000000a2800000,0x00000000a3747368,0x00000000a8480000)
 Metaspace       used 13079K, capacity 13244K, committed 13568K, reserved 1060864K
  class space    used 1445K, capacity 1490K, committed 1536K, reserved 1048576K
}
Event: 8.581 GC heap before
{Heap before GC invocations=24 (full 0):
 PSYoungGen      total 75264K, used 75261K [0x00000000e0d80000, 0x00000000e7b00000, 0x0000000100000000)
  eden space 69120K, 100% used [0x00000000e0d80000,0x00000000e5100000,0x00000000e5100000)
  from space 6144K, 99% used [0x00000000e5100000,0x00000000e56ff4c8,0x00000000e5700000)
  to   space 7680K, 0% used [0x00000000e7380000,0x00000000e7380000,0x00000000e7b00000)
 ParOldGen       total 94720K, used 15644K [0x00000000a2800000, 0x00000000a8480000, 0x00000000e0d80000)
  object space 94720K, 16% used [0x00000000a2800000,0x00000000a3747368,0x00000000a8480000)
 Metaspace       used 13104K, capacity 13244K, committed 13568K, reserved 1060864K
  class space    used 1448K, capacity 1490K, committed 1536K, reserved 1048576K
Event: 8.588 GC heap after
Heap after GC invocations=24 (full 0):
 PSYoungGen      total 104448K, used 1568K [0x00000000e0d80000, 0x00000000e7b00000, 0x0000000100000000)
  eden space 96768K, 0% used [0x00000000e0d80000,0x00000000e0d80000,0x00000000e6c00000)
  from space 7680K, 20% used [0x00000000e7380000,0x00000000e7508000,0x00000000e7b00000)
  to   space 7680K, 0% used [0x00000000e6c00000,0x00000000e6c00000,0x00000000e7380000)
 ParOldGen       total 94720K, used 16644K [0x00000000a2800000, 0x00000000a8480000, 0x00000000e0d80000)
  object space 94720K, 17% used [0x00000000a2800000,0x00000000a3841378,0x00000000a8480000)
 Metaspace       used 13104K, capacity 13244K, committed 13568K, reserved 1060864K
  class space    used 1448K, capacity 1490K, committed 1536K, reserved 1048576K
}
Event: 10.283 GC heap before
{Heap before GC invocations=25 (full 0):
 PSYoungGen      total 104448K, used 98336K [0x00000000e0d80000, 0x00000000e7b00000, 0x0000000100000000)
  eden space 96768K, 100% used [0x00000000e0d80000,0x00000000e6c00000,0x00000000e6c00000)
  from space 7680K, 20% used [0x00000000e7380000,0x00000000e7508000,0x00000000e7b00000)
  to   space 7680K, 0% used [0x00000000e6c00000,0x00000000e6c00000,0x00000000e7380000)
 ParOldGen       total 94720K, used 16644K [0x00000000a2800000, 0x00000000a8480000, 0x00000000e0d80000)
  object space 94720K, 17% used [0x00000000a2800000,0x00000000a3841378,0x00000000a8480000)
 Metaspace       used 13106K, capacity 13308K, committed 13568K, reserved 1060864K
  class space    used 1448K, capacity 1490K, committed 1536K, reserved 1048576K
Event: 10.302 GC heap after
Heap after GC invocations=25 (full 0):
 PSYoungGen      total 104448K, used 2752K [0x00000000e0d80000, 0x00000000e9680000, 0x0000000100000000)
  eden space 96768K, 0% used [0x00000000e0d80000,0x00000000e0d80000,0x00000000e6c00000)
  from space 7680K, 35% used [0x00000000e6c00000,0x00000000e6eb0000,0x00000000e7380000)
  to   space 7168K, 0% used [0x00000000e8f80000,0x00000000e8f80000,0x00000000e9680000)
 ParOldGen       total 94720K, used 17652K [0x00000000a2800000, 0x00000000a8480000, 0x00000000e0d80000)
  object space 94720K, 18% used [0x00000000a2800000,0x00000000a393d378,0x00000000a8480000)
 Metaspace       used 13106K, capacity 13308K, committed 13568K, reserved 1060864K
  class space    used 1448K, capacity 1490K, committed 1536K, reserved 1048576K
}

